<?xml version="1.0" encoding="UTF-8"?>
<!-- Generated by org.testng.reporters.JUnitXMLReporter -->
<testsuite ignored="0" hostname="DESKTOP-D3J8TSK" failures="1" tests="3" name="Error Validation" time="34.176" errors="0" timestamp="2024-07-25T18:31:27 CDT">
  <testcase classname="subhrajitbasakacademy.TestCases.ErrorValidationTest" name="loginErrorValidation" time="1.304">
    <skipped/>
  </testcase> <!-- loginErrorValidation -->
  <testcase classname="subhrajitbasakacademy.TestCases.ErrorValidationTest" name="loginErrorValidation" time="1.761">
    <failure type="java.lang.AssertionError" message="expected [Incorrect email or password] but found [Incorrect email or password.]">
      <![CDATA[java.lang.AssertionError: expected [Incorrect email or password] but found [Incorrect email or password.]
at subhrajitbasakacademy.TestCases.ErrorValidationTest.loginErrorValidation(ErrorValidationTest.java:20)
at java.base/java.util.ArrayList.forEach(ArrayList.java:1596)
... Removed 35 stack frames]]>
    </failure>
  </testcase> <!-- loginErrorValidation -->
  <testcase classname="subhrajitbasakacademy.TestCases.ErrorValidationTest" name="productErrorValidation" time="12.379"/>
</testsuite> <!-- Error Validation -->
