<?xml version="1.0" encoding="UTF-8"?>
<!-- Generated by org.testng.reporters.JUnitXMLReporter -->
<testsuite ignored="0" hostname="DESKTOP-D3J8TSK" failures="0" tests="3" name="Submit Order" time="47.156" errors="0" timestamp="2024-07-25T18:30:53 CDT">
  <testcase classname="subhrajitbasakacademy.TestCases.EcommerceApplicationTest" name="submitOrder" time="12.457"/>
  <testcase classname="subhrajitbasakacademy.TestCases.EcommerceApplicationTest" name="submitOrder" time="12.55"/>
  <testcase classname="subhrajitbasakacademy.TestCases.EcommerceApplicationTest" name="orderListValidationTest" time="2.16"/>
</testsuite> <!-- Submit Order -->
