<?xml version="1.0" encoding="UTF-8"?>
<!-- Generated by org.testng.reporters.JUnitXMLReporter -->
<testsuite ignored="0" hostname="DESKTOP-D3J8TSK" failures="0" tests="3" name="Default test" time="51.911" errors="0" timestamp="2024-07-24T16:22:11 CDT">
  <testcase classname="subhrajitbasakacademy.TestCases.EcommerceApplicationTest" name="submitOrder" time="13.877"/>
  <testcase classname="subhrajitbasakacademy.TestCases.EcommerceApplicationTest" name="submitOrder" time="13.477"/>
  <testcase classname="subhrajitbasakacademy.TestCases.EcommerceApplicationTest" name="orderListValidationTest" time="2.041"/>
</testsuite> <!-- Default test -->
