<?xml version="1.0" encoding="UTF-8"?>
<!-- Generated by org.testng.reporters.JUnitXMLReporter -->
<testsuite ignored="1" hostname="DESKTOP-D3J8TSK" failures="1" tests="2" name="Error Validation" time="19.545" errors="0" timestamp="2024-07-25T18:34:35 CDT">
  <testcase classname="subhrajitbasakacademy.TestCases.ErrorValidationTest" name="loginErrorValidation" time="2.168">
    <skipped/>
  </testcase> <!-- loginErrorValidation -->
  <testcase classname="subhrajitbasakacademy.TestCases.ErrorValidationTest" name="loginErrorValidation" time="1.769">
    <failure type="java.lang.AssertionError" message="expected [Incorrect email or password] but found [Incorrect email or password.]">
      <![CDATA[java.lang.AssertionError: expected [Incorrect email or password] but found [Incorrect email or password.]
at subhrajitbasakacademy.TestCases.ErrorValidationTest.loginErrorValidation(ErrorValidationTest.java:20)
at java.base/java.util.ArrayList.forEach(ArrayList.java:1511)
... Removed 33 stack frames]]>
    </failure>
  </testcase> <!-- loginErrorValidation -->
  <testcase classname="subhrajitbasakacademy.TestCases.ErrorValidationTest" name="productErrorValidation" time="0.0">
    <ignored/>
  </testcase> <!-- productErrorValidation -->
</testsuite> <!-- Error Validation -->
