<?xml version="1.0" encoding="UTF-8"?>
<!-- Generated by org.testng.reporters.JUnitXMLReporter -->
<testsuite ignored="2" hostname="DESKTOP-D3J8TSK" failures="0" tests="0" time="0.021" errors="0" timestamp="2024-07-25T18:34:15 CDT">
  <testcase classname="subhrajitbasakacademy.TestCases.EcommerceApplicationTest" name="submitOrder" time="0.0">
    <ignored/>
  </testcase> <!-- submitOrder -->
  <testcase classname="subhrajitbasakacademy.TestCases.EcommerceApplicationTest" name="orderListValidationTest" time="0.0">
    <ignored/>
  </testcase> <!-- orderListValidationTest -->
</testsuite>
